2019-09-16 10:09:23,395 [21] INFO Microsoft.AspNetCore.Hosting.Internal.WebHost - Request starting HTTP/1.1 GET https://localhost:5001/api/book/  
2019-09-16 10:09:23,410 [21] INFO Microsoft.AspNetCore.Routing.EndpointMiddleware - Executing endpoint 'WebApiTraining.Controllers.BookController.Get (WebApiTraining)'
2019-09-16 10:09:23,412 [21] INFO Microsoft.AspNetCore.Mvc.Internal.ControllerActionInvoker - Route matched with {action = "Get", controller = "Book"}. Executing controller action with signature Microsoft.AspNetCore.Mvc.ActionResult`1[System.Collections.Generic.IEnumerable`1[WebApiTraining.Model.Book]] Get() on controller WebApiTraining.Controllers.BookController (WebApiTraining).
2019-09-16 10:09:23,413 [21] INFO Microsoft.AspNetCore.Mvc.Internal.ControllerActionInvoker - Executing action method WebApiTraining.Controllers.BookController.Get (WebApiTraining) - Validation state: Valid
2019-09-16 10:09:23,415 [21] DEBUG WebApiTraining.Model.BookService - Returned book list
2019-09-16 10:09:23,417 [21] INFO Microsoft.AspNetCore.Mvc.Internal.ControllerActionInvoker - Executed action method WebApiTraining.Controllers.BookController.Get (WebApiTraining), returned result Microsoft.AspNetCore.Mvc.OkObjectResult in 2.1121ms.
2019-09-16 10:09:23,419 [21] INFO Microsoft.AspNetCore.Mvc.Infrastructure.ObjectResultExecutor - Executing ObjectResult, writing value of type 'System.Collections.Generic.List`1[[WebApiTraining.Model.Book, WebApiTraining, Version=1.0.0.0, Culture=neutral, PublicKeyToken=null]]'.
2019-09-16 10:09:23,422 [21] INFO Microsoft.AspNetCore.Mvc.Internal.ControllerActionInvoker - Executed action WebApiTraining.Controllers.BookController.Get (WebApiTraining) in 8.329ms
2019-09-16 10:09:23,424 [21] INFO Microsoft.AspNetCore.Routing.EndpointMiddleware - Executed endpoint 'WebApiTraining.Controllers.BookController.Get (WebApiTraining)'
2019-09-16 10:09:23,426 [21] INFO Microsoft.AspNetCore.Hosting.Internal.WebHost - Request finished in 31.2878ms 200 application/json; charset=utf-8
2019-09-16 10:09:49,779 [21] INFO Microsoft.AspNetCore.Hosting.Internal.WebHost - Request starting HTTP/1.1 POST https://localhost:5001/api/book/ application/json 92
2019-09-16 10:09:49,782 [21] INFO Microsoft.AspNetCore.Routing.EndpointMiddleware - Executing endpoint 'WebApiTraining.Controllers.BookController.Post (WebApiTraining)'
2019-09-16 10:09:49,787 [21] INFO Microsoft.AspNetCore.Mvc.Internal.ControllerActionInvoker - Route matched with {action = "Post", controller = "Book"}. Executing controller action with signature Microsoft.AspNetCore.Mvc.ActionResult`1[WebApiTraining.Model.Book] Post(WebApiTraining.Model.Book) on controller WebApiTraining.Controllers.BookController (WebApiTraining).
2019-09-16 10:09:49,820 [21] INFO Microsoft.AspNetCore.Mvc.Internal.ControllerActionInvoker - Executing action method WebApiTraining.Controllers.BookController.Post (WebApiTraining) - Validation state: Valid
2019-09-16 10:09:49,825 [21] DEBUG WebApiTraining.Model.BookService - Book details validated
2019-09-16 10:09:49,827 [21] DEBUG WebApiTraining.Model.BookService - Book found
2019-09-16 10:09:49,828 [21] INFO Microsoft.AspNetCore.Mvc.Internal.ControllerActionInvoker - Executed action method WebApiTraining.Controllers.BookController.Post (WebApiTraining), returned result Microsoft.AspNetCore.Mvc.OkObjectResult in 6.3037ms.
2019-09-16 10:09:49,830 [21] INFO Microsoft.AspNetCore.Mvc.Infrastructure.ObjectResultExecutor - Executing ObjectResult, writing value of type 'WebApiTraining.Model.Book'.
2019-09-16 10:09:49,832 [21] INFO Microsoft.AspNetCore.Mvc.Internal.ControllerActionInvoker - Executed action WebApiTraining.Controllers.BookController.Post (WebApiTraining) in 36.0128ms
2019-09-16 10:09:49,835 [21] INFO Microsoft.AspNetCore.Routing.EndpointMiddleware - Executed endpoint 'WebApiTraining.Controllers.BookController.Post (WebApiTraining)'
2019-09-16 10:09:49,839 [21] INFO Microsoft.AspNetCore.Hosting.Internal.WebHost - Request finished in 59.6427ms 200 application/json; charset=utf-8
