2019-09-16 10:28:12,353 [6] INFO Microsoft.AspNetCore.Hosting.Internal.WebHost - Request starting HTTP/1.1 GET https://localhost:44362/api/book/  
2019-09-16 10:28:12,372 [6] INFO WebApiTraining.Controllers.BookController - ******
Request from client:
Microsoft.AspNetCore.Http.Internal.DefaultHttpRequest
******
2019-09-16 10:28:12,381 [6] INFO Microsoft.AspNetCore.Routing.EndpointMiddleware - Executing endpoint 'WebApiTraining.Controllers.BookController.Get (WebApiTraining)'
2019-09-16 10:28:12,385 [6] INFO Microsoft.AspNetCore.Mvc.Internal.ControllerActionInvoker - Route matched with {action = "Get", controller = "Book"}. Executing controller action with signature Microsoft.AspNetCore.Mvc.ActionResult`1[System.Collections.Generic.IEnumerable`1[WebApiTraining.Model.Book]] Get() on controller WebApiTraining.Controllers.BookController (WebApiTraining).
2019-09-16 10:28:12,392 [6] INFO Microsoft.AspNetCore.Mvc.Internal.ControllerActionInvoker - Executing action method WebApiTraining.Controllers.BookController.Get (WebApiTraining) - Validation state: Valid
2019-09-16 10:28:12,394 [6] DEBUG WebApiTraining.Model.BookService - Returned book list
2019-09-16 10:28:12,403 [6] INFO Microsoft.AspNetCore.Mvc.Internal.ControllerActionInvoker - Executed action method WebApiTraining.Controllers.BookController.Get (WebApiTraining), returned result Microsoft.AspNetCore.Mvc.OkObjectResult in 2.5763ms.
2019-09-16 10:28:12,410 [6] INFO Microsoft.AspNetCore.Mvc.Infrastructure.ObjectResultExecutor - Executing ObjectResult, writing value of type 'System.Collections.Generic.List`1[[WebApiTraining.Model.Book, WebApiTraining, Version=1.0.0.0, Culture=neutral, PublicKeyToken=null]]'.
2019-09-16 10:28:12,419 [6] INFO Microsoft.AspNetCore.Mvc.Internal.ControllerActionInvoker - Executed action WebApiTraining.Controllers.BookController.Get (WebApiTraining) in 22.0202ms
2019-09-16 10:28:12,424 [6] INFO Microsoft.AspNetCore.Routing.EndpointMiddleware - Executed endpoint 'WebApiTraining.Controllers.BookController.Get (WebApiTraining)'
2019-09-16 10:28:12,429 [6] INFO WebApiTraining.Controllers.BookController - ******
Response from Server:
Microsoft.AspNetCore.Http.Internal.DefaultHttpResponse
******
2019-09-16 10:28:12,434 [6] INFO Microsoft.AspNetCore.Hosting.Internal.WebHost - Request finished in 79.8643ms 200 application/json; charset=utf-8
2019-09-16 10:28:26,643 [6] INFO Microsoft.AspNetCore.Hosting.Internal.WebHost - Request starting HTTP/1.1 POST https://localhost:44362/api/book/ application/json 102
2019-09-16 10:28:26,646 [6] INFO WebApiTraining.Controllers.BookController - ******
Request from client:
Microsoft.AspNetCore.Http.Internal.DefaultHttpRequest
******
2019-09-16 10:28:26,659 [6] INFO Microsoft.AspNetCore.Routing.EndpointMiddleware - Executing endpoint 'WebApiTraining.Controllers.BookController.Post (WebApiTraining)'
2019-09-16 10:28:26,701 [6] INFO Microsoft.AspNetCore.Mvc.Internal.ControllerActionInvoker - Route matched with {action = "Post", controller = "Book"}. Executing controller action with signature Microsoft.AspNetCore.Mvc.ActionResult`1[WebApiTraining.Model.Book] Post(WebApiTraining.Model.Book) on controller WebApiTraining.Controllers.BookController (WebApiTraining).
2019-09-16 10:28:26,759 [6] INFO Microsoft.AspNetCore.Mvc.Internal.ControllerActionInvoker - Executing action method WebApiTraining.Controllers.BookController.Post (WebApiTraining) - Validation state: Valid
2019-09-16 10:28:26,765 [6] DEBUG WebApiTraining.Model.BookService - Book details validated
2019-09-16 10:28:26,772 [6] DEBUG WebApiTraining.Model.BookService - Book found
2019-09-16 10:28:26,777 [6] INFO Microsoft.AspNetCore.Mvc.Internal.ControllerActionInvoker - Executed action method WebApiTraining.Controllers.BookController.Post (WebApiTraining), returned result Microsoft.AspNetCore.Mvc.OkObjectResult in 13.4269ms.
2019-09-16 10:28:26,784 [6] INFO Microsoft.AspNetCore.Mvc.Infrastructure.ObjectResultExecutor - Executing ObjectResult, writing value of type 'WebApiTraining.Model.Book'.
2019-09-16 10:28:26,791 [6] INFO Microsoft.AspNetCore.Mvc.Internal.ControllerActionInvoker - Executed action WebApiTraining.Controllers.BookController.Post (WebApiTraining) in 85.3763ms
2019-09-16 10:28:26,806 [6] INFO Microsoft.AspNetCore.Routing.EndpointMiddleware - Executed endpoint 'WebApiTraining.Controllers.BookController.Post (WebApiTraining)'
2019-09-16 10:28:26,810 [6] INFO WebApiTraining.Controllers.BookController - ******
Response from Server:
Microsoft.AspNetCore.Http.Internal.DefaultHttpResponse
******
2019-09-16 10:28:26,824 [6] INFO Microsoft.AspNetCore.Hosting.Internal.WebHost - Request finished in 171.5655ms 200 application/json; charset=utf-8
2019-09-16 10:28:34,548 [6] INFO Microsoft.AspNetCore.Hosting.Internal.WebHost - Request starting HTTP/1.1 GET https://localhost:44362/api/book/  
2019-09-16 10:28:34,550 [6] INFO WebApiTraining.Controllers.BookController - ******
Request from client:
Microsoft.AspNetCore.Http.Internal.DefaultHttpRequest
******
2019-09-16 10:28:34,557 [6] INFO Microsoft.AspNetCore.Routing.EndpointMiddleware - Executing endpoint 'WebApiTraining.Controllers.BookController.Get (WebApiTraining)'
2019-09-16 10:28:34,564 [6] INFO Microsoft.AspNetCore.Mvc.Internal.ControllerActionInvoker - Route matched with {action = "Get", controller = "Book"}. Executing controller action with signature Microsoft.AspNetCore.Mvc.ActionResult`1[System.Collections.Generic.IEnumerable`1[WebApiTraining.Model.Book]] Get() on controller WebApiTraining.Controllers.BookController (WebApiTraining).
2019-09-16 10:28:34,572 [6] INFO Microsoft.AspNetCore.Mvc.Internal.ControllerActionInvoker - Executing action method WebApiTraining.Controllers.BookController.Get (WebApiTraining) - Validation state: Valid
2019-09-16 10:28:34,573 [6] DEBUG WebApiTraining.Model.BookService - Returned book list
2019-09-16 10:28:34,579 [6] INFO Microsoft.AspNetCore.Mvc.Internal.ControllerActionInvoker - Executed action method WebApiTraining.Controllers.BookController.Get (WebApiTraining), returned result Microsoft.AspNetCore.Mvc.OkObjectResult in 1.863ms.
2019-09-16 10:28:34,586 [6] INFO Microsoft.AspNetCore.Mvc.Infrastructure.ObjectResultExecutor - Executing ObjectResult, writing value of type 'System.Collections.Generic.List`1[[WebApiTraining.Model.Book, WebApiTraining, Version=1.0.0.0, Culture=neutral, PublicKeyToken=null]]'.
2019-09-16 10:28:34,599 [6] INFO Microsoft.AspNetCore.Mvc.Internal.ControllerActionInvoker - Executed action WebApiTraining.Controllers.BookController.Get (WebApiTraining) in 21.2073ms
2019-09-16 10:28:34,610 [6] INFO Microsoft.AspNetCore.Routing.EndpointMiddleware - Executed endpoint 'WebApiTraining.Controllers.BookController.Get (WebApiTraining)'
2019-09-16 10:28:34,611 [6] INFO WebApiTraining.Controllers.BookController - ******
Response from Server:
Microsoft.AspNetCore.Http.Internal.DefaultHttpResponse
******
2019-09-16 10:28:34,617 [6] INFO Microsoft.AspNetCore.Hosting.Internal.WebHost - Request finished in 85.5986ms 200 application/json; charset=utf-8
