2019-09-16 10:07:16,811 [6] INFO Microsoft.AspNetCore.Hosting.Internal.WebHost - Request starting HTTP/1.1 GET https://localhost:5001/api/book  
2019-09-16 10:07:16,849 [6] INFO Microsoft.AspNetCore.Routing.EndpointMiddleware - Executing endpoint 'WebApiTraining.Controllers.BookController.Get (WebApiTraining)'
2019-09-16 10:07:16,877 [6] INFO Microsoft.AspNetCore.Mvc.Internal.ControllerActionInvoker - Route matched with {action = "Get", controller = "Book"}. Executing controller action with signature Microsoft.AspNetCore.Mvc.ActionResult`1[System.Collections.Generic.IEnumerable`1[WebApiTraining.Model.Book]] Get() on controller WebApiTraining.Controllers.BookController (WebApiTraining).
2019-09-16 10:07:16,885 [6] INFO Microsoft.AspNetCore.Mvc.Internal.ControllerActionInvoker - Executing action method WebApiTraining.Controllers.BookController.Get (WebApiTraining) - Validation state: Valid
2019-09-16 10:07:16,888 [6] DEBUG WebApiTraining.Model.BookService - Returned book list
2019-09-16 10:07:16,894 [6] INFO Microsoft.AspNetCore.Mvc.Internal.ControllerActionInvoker - Executed action method WebApiTraining.Controllers.BookController.Get (WebApiTraining), returned result Microsoft.AspNetCore.Mvc.OkObjectResult in 6.4481ms.
2019-09-16 10:07:16,901 [6] INFO Microsoft.AspNetCore.Mvc.Infrastructure.ObjectResultExecutor - Executing ObjectResult, writing value of type 'System.Collections.Generic.List`1[[WebApiTraining.Model.Book, WebApiTraining, Version=1.0.0.0, Culture=neutral, PublicKeyToken=null]]'.
2019-09-16 10:07:17,007 [6] INFO Microsoft.AspNetCore.Mvc.Internal.ControllerActionInvoker - Executed action WebApiTraining.Controllers.BookController.Get (WebApiTraining) in 125.9517ms
2019-09-16 10:07:17,011 [6] INFO Microsoft.AspNetCore.Routing.EndpointMiddleware - Executed endpoint 'WebApiTraining.Controllers.BookController.Get (WebApiTraining)'
2019-09-16 10:07:17,019 [6] INFO Microsoft.AspNetCore.Hosting.Internal.WebHost - Request finished in 207.9479ms 200 application/json; charset=utf-8
2019-09-16 10:07:31,416 [12] INFO Microsoft.AspNetCore.Hosting.Internal.WebHost - Request starting HTTP/1.1 GET https://localhost:5001/api/book/2  
2019-09-16 10:07:31,426 [12] INFO Microsoft.AspNetCore.Routing.EndpointMiddleware - Executing endpoint 'WebApiTraining.Controllers.BookController.Get (WebApiTraining)'
2019-09-16 10:07:31,439 [12] INFO Microsoft.AspNetCore.Mvc.Internal.ControllerActionInvoker - Route matched with {action = "Get", controller = "Book"}. Executing controller action with signature Microsoft.AspNetCore.Mvc.ActionResult`1[WebApiTraining.Model.Book] Get(System.String) on controller WebApiTraining.Controllers.BookController (WebApiTraining).
2019-09-16 10:07:31,454 [12] INFO Microsoft.AspNetCore.Mvc.Internal.ControllerActionInvoker - Executing action method WebApiTraining.Controllers.BookController.Get (WebApiTraining) - Validation state: Valid
2019-09-16 10:07:31,458 [12] ERROR WebApiTraining.Model.BookService - Book not found
2019-09-16 10:07:31,459 [12] INFO Microsoft.AspNetCore.Mvc.Internal.ControllerActionInvoker - Executed action method WebApiTraining.Controllers.BookController.Get (WebApiTraining), returned result Microsoft.AspNetCore.Mvc.BadRequestObjectResult in 3.7175ms.
2019-09-16 10:07:31,463 [12] INFO Microsoft.AspNetCore.Mvc.Infrastructure.ObjectResultExecutor - Executing ObjectResult, writing value of type 'System.Collections.Generic.List`1[[WebApiTraining.Model.ErrorModel, WebApiTraining, Version=1.0.0.0, Culture=neutral, PublicKeyToken=null]]'.
2019-09-16 10:07:31,468 [12] INFO Microsoft.AspNetCore.Mvc.Internal.ControllerActionInvoker - Executed action WebApiTraining.Controllers.BookController.Get (WebApiTraining) in 27.0946ms
2019-09-16 10:07:31,470 [12] INFO Microsoft.AspNetCore.Routing.EndpointMiddleware - Executed endpoint 'WebApiTraining.Controllers.BookController.Get (WebApiTraining)'
2019-09-16 10:07:31,472 [12] INFO Microsoft.AspNetCore.Hosting.Internal.WebHost - Request finished in 55.6022ms 400 application/json; charset=utf-8
2019-09-16 10:07:40,256 [12] INFO Microsoft.AspNetCore.Hosting.Internal.WebHost - Request starting HTTP/1.1 GET https://localhost:5001/api/book/jai  
2019-09-16 10:07:40,260 [12] INFO Microsoft.AspNetCore.Routing.EndpointMiddleware - Executing endpoint 'WebApiTraining.Controllers.BookController.Get (WebApiTraining)'
2019-09-16 10:07:40,263 [12] INFO Microsoft.AspNetCore.Mvc.Internal.ControllerActionInvoker - Route matched with {action = "Get", controller = "Book"}. Executing controller action with signature Microsoft.AspNetCore.Mvc.ActionResult`1[WebApiTraining.Model.Book] Get(System.String) on controller WebApiTraining.Controllers.BookController (WebApiTraining).
2019-09-16 10:07:40,269 [12] INFO Microsoft.AspNetCore.Mvc.Internal.ControllerActionInvoker - Executing action method WebApiTraining.Controllers.BookController.Get (WebApiTraining) - Validation state: Valid
2019-09-16 10:07:40,271 [12] ERROR WebApiTraining.Model.BookService - Book not found
2019-09-16 10:07:40,272 [12] INFO Microsoft.AspNetCore.Mvc.Internal.ControllerActionInvoker - Executed action method WebApiTraining.Controllers.BookController.Get (WebApiTraining), returned result Microsoft.AspNetCore.Mvc.BadRequestObjectResult in 1.4091ms.
2019-09-16 10:07:40,274 [12] INFO Microsoft.AspNetCore.Mvc.Infrastructure.ObjectResultExecutor - Executing ObjectResult, writing value of type 'System.Collections.Generic.List`1[[WebApiTraining.Model.ErrorModel, WebApiTraining, Version=1.0.0.0, Culture=neutral, PublicKeyToken=null]]'.
2019-09-16 10:07:40,275 [12] INFO Microsoft.AspNetCore.Mvc.Internal.ControllerActionInvoker - Executed action WebApiTraining.Controllers.BookController.Get (WebApiTraining) in 6.7863ms
2019-09-16 10:07:40,277 [12] INFO Microsoft.AspNetCore.Routing.EndpointMiddleware - Executed endpoint 'WebApiTraining.Controllers.BookController.Get (WebApiTraining)'
2019-09-16 10:07:40,281 [12] INFO Microsoft.AspNetCore.Hosting.Internal.WebHost - Request finished in 25.0158ms 400 application/json; charset=utf-8
2019-09-16 10:07:44,782 [12] INFO Microsoft.AspNetCore.Hosting.Internal.WebHost - Request starting HTTP/1.1 GET https://localhost:5001/api/book/  
2019-09-16 10:07:44,785 [12] INFO Microsoft.AspNetCore.Routing.EndpointMiddleware - Executing endpoint 'WebApiTraining.Controllers.BookController.Get (WebApiTraining)'
2019-09-16 10:07:44,787 [12] INFO Microsoft.AspNetCore.Mvc.Internal.ControllerActionInvoker - Route matched with {action = "Get", controller = "Book"}. Executing controller action with signature Microsoft.AspNetCore.Mvc.ActionResult`1[System.Collections.Generic.IEnumerable`1[WebApiTraining.Model.Book]] Get() on controller WebApiTraining.Controllers.BookController (WebApiTraining).
2019-09-16 10:07:44,790 [12] INFO Microsoft.AspNetCore.Mvc.Internal.ControllerActionInvoker - Executing action method WebApiTraining.Controllers.BookController.Get (WebApiTraining) - Validation state: Valid
2019-09-16 10:07:44,791 [12] DEBUG WebApiTraining.Model.BookService - Returned book list
2019-09-16 10:07:44,793 [12] INFO Microsoft.AspNetCore.Mvc.Internal.ControllerActionInvoker - Executed action method WebApiTraining.Controllers.BookController.Get (WebApiTraining), returned result Microsoft.AspNetCore.Mvc.OkObjectResult in 1.4482ms.
2019-09-16 10:07:44,795 [12] INFO Microsoft.AspNetCore.Mvc.Infrastructure.ObjectResultExecutor - Executing ObjectResult, writing value of type 'System.Collections.Generic.List`1[[WebApiTraining.Model.Book, WebApiTraining, Version=1.0.0.0, Culture=neutral, PublicKeyToken=null]]'.
2019-09-16 10:07:44,799 [12] INFO Microsoft.AspNetCore.Mvc.Internal.ControllerActionInvoker - Executed action WebApiTraining.Controllers.BookController.Get (WebApiTraining) in 9.3014ms
2019-09-16 10:07:44,802 [12] INFO Microsoft.AspNetCore.Routing.EndpointMiddleware - Executed endpoint 'WebApiTraining.Controllers.BookController.Get (WebApiTraining)'
2019-09-16 10:07:44,805 [12] INFO Microsoft.AspNetCore.Hosting.Internal.WebHost - Request finished in 22.994ms 200 application/json; charset=utf-8
2019-09-16 10:07:49,774 [14] INFO Microsoft.AspNetCore.Hosting.Internal.WebHost - Request starting HTTP/1.1 GET https://localhost:5001/api/book/fun  
2019-09-16 10:07:49,778 [14] INFO Microsoft.AspNetCore.Routing.EndpointMiddleware - Executing endpoint 'WebApiTraining.Controllers.BookController.Get (WebApiTraining)'
2019-09-16 10:07:49,781 [14] INFO Microsoft.AspNetCore.Mvc.Internal.ControllerActionInvoker - Route matched with {action = "Get", controller = "Book"}. Executing controller action with signature Microsoft.AspNetCore.Mvc.ActionResult`1[WebApiTraining.Model.Book] Get(System.String) on controller WebApiTraining.Controllers.BookController (WebApiTraining).
2019-09-16 10:07:49,785 [14] INFO Microsoft.AspNetCore.Mvc.Internal.ControllerActionInvoker - Executing action method WebApiTraining.Controllers.BookController.Get (WebApiTraining) - Validation state: Valid
2019-09-16 10:07:49,788 [14] ERROR WebApiTraining.Model.BookService - Book not found
2019-09-16 10:07:49,789 [14] INFO Microsoft.AspNetCore.Mvc.Internal.ControllerActionInvoker - Executed action method WebApiTraining.Controllers.BookController.Get (WebApiTraining), returned result Microsoft.AspNetCore.Mvc.BadRequestObjectResult in 1.3409ms.
2019-09-16 10:07:49,791 [14] INFO Microsoft.AspNetCore.Mvc.Infrastructure.ObjectResultExecutor - Executing ObjectResult, writing value of type 'System.Collections.Generic.List`1[[WebApiTraining.Model.ErrorModel, WebApiTraining, Version=1.0.0.0, Culture=neutral, PublicKeyToken=null]]'.
2019-09-16 10:07:49,793 [14] INFO Microsoft.AspNetCore.Mvc.Internal.ControllerActionInvoker - Executed action WebApiTraining.Controllers.BookController.Get (WebApiTraining) in 8.981ms
2019-09-16 10:07:49,800 [14] INFO Microsoft.AspNetCore.Routing.EndpointMiddleware - Executed endpoint 'WebApiTraining.Controllers.BookController.Get (WebApiTraining)'
2019-09-16 10:07:49,804 [14] INFO Microsoft.AspNetCore.Hosting.Internal.WebHost - Request finished in 29.5268ms 400 application/json; charset=utf-8
2019-09-16 10:07:55,154 [14] INFO Microsoft.AspNetCore.Hosting.Internal.WebHost - Request starting HTTP/1.1 GET https://localhost:5001/api/book/Fun  
2019-09-16 10:07:55,157 [14] INFO Microsoft.AspNetCore.Routing.EndpointMiddleware - Executing endpoint 'WebApiTraining.Controllers.BookController.Get (WebApiTraining)'
2019-09-16 10:07:55,159 [14] INFO Microsoft.AspNetCore.Mvc.Internal.ControllerActionInvoker - Route matched with {action = "Get", controller = "Book"}. Executing controller action with signature Microsoft.AspNetCore.Mvc.ActionResult`1[WebApiTraining.Model.Book] Get(System.String) on controller WebApiTraining.Controllers.BookController (WebApiTraining).
2019-09-16 10:07:55,161 [14] INFO Microsoft.AspNetCore.Mvc.Internal.ControllerActionInvoker - Executing action method WebApiTraining.Controllers.BookController.Get (WebApiTraining) - Validation state: Valid
2019-09-16 10:07:55,163 [14] DEBUG WebApiTraining.Model.BookService - Book found
2019-09-16 10:07:55,165 [14] INFO Microsoft.AspNetCore.Mvc.Internal.ControllerActionInvoker - Executed action method WebApiTraining.Controllers.BookController.Get (WebApiTraining), returned result Microsoft.AspNetCore.Mvc.OkObjectResult in 1.6176ms.
2019-09-16 10:07:55,167 [14] INFO Microsoft.AspNetCore.Mvc.Infrastructure.ObjectResultExecutor - Executing ObjectResult, writing value of type 'WebApiTraining.Model.Book'.
2019-09-16 10:07:55,169 [14] INFO Microsoft.AspNetCore.Mvc.Internal.ControllerActionInvoker - Executed action WebApiTraining.Controllers.BookController.Get (WebApiTraining) in 8.819ms
2019-09-16 10:07:55,171 [14] INFO Microsoft.AspNetCore.Routing.EndpointMiddleware - Executed endpoint 'WebApiTraining.Controllers.BookController.Get (WebApiTraining)'
2019-09-16 10:07:55,173 [14] INFO Microsoft.AspNetCore.Hosting.Internal.WebHost - Request finished in 18.5188ms 200 application/json; charset=utf-8
