2019-09-10 17:29:01,691 [1] INFO Microsoft.AspNetCore.DataProtection.KeyManagement.XmlKeyManager - User profile is available. Using 'C:\Users\agundawar\AppData\Local\ASP.NET\DataProtection-Keys' as key repository and Windows DPAPI to encrypt keys at rest.
2019-09-10 17:29:02,731 [6] INFO Microsoft.AspNetCore.Hosting.Internal.WebHost - Request starting HTTP/2.0 GET https://localhost:44362/api/book  
2019-09-10 17:29:02,807 [6] INFO Microsoft.AspNetCore.Routing.EndpointMiddleware - Executing endpoint 'WebApiTraining.Controllers.BookController.Get (WebApiTraining)'
2019-09-10 17:29:02,848 [6] INFO Microsoft.AspNetCore.Mvc.Internal.ControllerActionInvoker - Route matched with {action = "Get", controller = "Book"}. Executing controller action with signature Microsoft.AspNetCore.Mvc.ActionResult`1[System.Collections.Generic.IEnumerable`1[WebApiTraining.Model.Book]] Get() on controller WebApiTraining.Controllers.BookController (WebApiTraining).
2019-09-10 17:29:02,868 [6] INFO Microsoft.AspNetCore.Mvc.Internal.ControllerActionInvoker - Executing action method WebApiTraining.Controllers.BookController.Get (WebApiTraining) - Validation state: Valid
2019-09-10 17:29:02,874 [6] DEBUG WebApiTraining.Model.BookService - Returned book list
2019-09-10 17:29:02,887 [6] INFO Microsoft.AspNetCore.Mvc.Internal.ControllerActionInvoker - Executed action method WebApiTraining.Controllers.BookController.Get (WebApiTraining), returned result Microsoft.AspNetCore.Mvc.OkObjectResult in 10.9266ms.
2019-09-10 17:29:02,904 [6] INFO Microsoft.AspNetCore.Mvc.Infrastructure.ObjectResultExecutor - Executing ObjectResult, writing value of type 'System.Collections.Generic.List`1[[WebApiTraining.Model.Book, WebApiTraining, Version=1.0.0.0, Culture=neutral, PublicKeyToken=null]]'.
2019-09-10 17:29:03,063 [6] INFO Microsoft.AspNetCore.Mvc.Internal.ControllerActionInvoker - Executed action WebApiTraining.Controllers.BookController.Get (WebApiTraining) in 202.9358ms
2019-09-10 17:29:03,072 [6] INFO Microsoft.AspNetCore.Routing.EndpointMiddleware - Executed endpoint 'WebApiTraining.Controllers.BookController.Get (WebApiTraining)'
2019-09-10 17:29:03,104 [6] INFO Microsoft.AspNetCore.Hosting.Internal.WebHost - Request finished in 361.2102ms 200 application/json; charset=utf-8
2019-09-10 17:29:17,567 [6] INFO Microsoft.AspNetCore.Hosting.Internal.WebHost - Request starting HTTP/1.1 GET https://localhost:44362/api/book/  
2019-09-10 17:29:17,573 [6] INFO Microsoft.AspNetCore.Routing.EndpointMiddleware - Executing endpoint 'WebApiTraining.Controllers.BookController.Get (WebApiTraining)'
2019-09-10 17:29:17,577 [6] INFO Microsoft.AspNetCore.Mvc.Internal.ControllerActionInvoker - Route matched with {action = "Get", controller = "Book"}. Executing controller action with signature Microsoft.AspNetCore.Mvc.ActionResult`1[System.Collections.Generic.IEnumerable`1[WebApiTraining.Model.Book]] Get() on controller WebApiTraining.Controllers.BookController (WebApiTraining).
2019-09-10 17:29:17,587 [6] INFO Microsoft.AspNetCore.Mvc.Internal.ControllerActionInvoker - Executing action method WebApiTraining.Controllers.BookController.Get (WebApiTraining) - Validation state: Valid
2019-09-10 17:29:17,588 [6] DEBUG WebApiTraining.Model.BookService - Returned book list
2019-09-10 17:29:17,607 [6] INFO Microsoft.AspNetCore.Mvc.Internal.ControllerActionInvoker - Executed action method WebApiTraining.Controllers.BookController.Get (WebApiTraining), returned result Microsoft.AspNetCore.Mvc.OkObjectResult in 2.3095ms.
2019-09-10 17:29:17,622 [6] INFO Microsoft.AspNetCore.Mvc.Infrastructure.ObjectResultExecutor - Executing ObjectResult, writing value of type 'System.Collections.Generic.List`1[[WebApiTraining.Model.Book, WebApiTraining, Version=1.0.0.0, Culture=neutral, PublicKeyToken=null]]'.
2019-09-10 17:29:17,659 [6] INFO Microsoft.AspNetCore.Mvc.Internal.ControllerActionInvoker - Executed action WebApiTraining.Controllers.BookController.Get (WebApiTraining) in 56.0868ms
2019-09-10 17:29:17,673 [6] INFO Microsoft.AspNetCore.Routing.EndpointMiddleware - Executed endpoint 'WebApiTraining.Controllers.BookController.Get (WebApiTraining)'
2019-09-10 17:29:17,678 [6] INFO Microsoft.AspNetCore.Hosting.Internal.WebHost - Request finished in 116.598ms 200 application/json; charset=utf-8
2019-09-10 17:29:19,794 [6] INFO Microsoft.AspNetCore.Hosting.Internal.WebHost - Request starting HTTP/1.1 POST https://localhost:44362/api/book/ application/json 92
2019-09-10 17:29:19,802 [6] INFO Microsoft.AspNetCore.Routing.EndpointMiddleware - Executing endpoint 'WebApiTraining.Controllers.BookController.Post (WebApiTraining)'
2019-09-10 17:29:19,820 [6] INFO Microsoft.AspNetCore.Mvc.Internal.ControllerActionInvoker - Route matched with {action = "Post", controller = "Book"}. Executing controller action with signature Microsoft.AspNetCore.Mvc.ActionResult`1[WebApiTraining.Model.Book] Post(WebApiTraining.Model.Book) on controller WebApiTraining.Controllers.BookController (WebApiTraining).
2019-09-10 17:29:19,859 [6] INFO Microsoft.AspNetCore.Mvc.Internal.ControllerActionInvoker - Executing action method WebApiTraining.Controllers.BookController.Post (WebApiTraining) - Validation state: Valid
2019-09-10 17:29:19,865 [6] DEBUG WebApiTraining.Model.BookService - Book details validated
2019-09-10 17:29:19,867 [6] DEBUG WebApiTraining.Model.BookService - Book found
2019-09-10 17:29:19,872 [6] INFO Microsoft.AspNetCore.Mvc.Internal.ControllerActionInvoker - Executed action method WebApiTraining.Controllers.BookController.Post (WebApiTraining), returned result Microsoft.AspNetCore.Mvc.OkObjectResult in 7.76ms.
2019-09-10 17:29:19,876 [6] INFO Microsoft.AspNetCore.Mvc.Infrastructure.ObjectResultExecutor - Executing ObjectResult, writing value of type 'WebApiTraining.Model.Book'.
2019-09-10 17:29:19,880 [6] INFO Microsoft.AspNetCore.Mvc.Internal.ControllerActionInvoker - Executed action WebApiTraining.Controllers.BookController.Post (WebApiTraining) in 55.3139ms
2019-09-10 17:29:19,884 [6] INFO Microsoft.AspNetCore.Routing.EndpointMiddleware - Executed endpoint 'WebApiTraining.Controllers.BookController.Post (WebApiTraining)'
2019-09-10 17:29:19,889 [6] INFO Microsoft.AspNetCore.Hosting.Internal.WebHost - Request finished in 94.4834ms 200 application/json; charset=utf-8
2019-09-10 17:29:21,943 [6] INFO Microsoft.AspNetCore.Hosting.Internal.WebHost - Request starting HTTP/1.1 GET https://localhost:44362/api/book/  
2019-09-10 17:29:21,952 [6] INFO Microsoft.AspNetCore.Routing.EndpointMiddleware - Executing endpoint 'WebApiTraining.Controllers.BookController.Get (WebApiTraining)'
2019-09-10 17:29:21,958 [6] INFO Microsoft.AspNetCore.Mvc.Internal.ControllerActionInvoker - Route matched with {action = "Get", controller = "Book"}. Executing controller action with signature Microsoft.AspNetCore.Mvc.ActionResult`1[System.Collections.Generic.IEnumerable`1[WebApiTraining.Model.Book]] Get() on controller WebApiTraining.Controllers.BookController (WebApiTraining).
2019-09-10 17:29:21,996 [6] INFO Microsoft.AspNetCore.Mvc.Internal.ControllerActionInvoker - Executing action method WebApiTraining.Controllers.BookController.Get (WebApiTraining) - Validation state: Valid
2019-09-10 17:29:21,999 [6] DEBUG WebApiTraining.Model.BookService - Returned book list
2019-09-10 17:29:22,005 [6] INFO Microsoft.AspNetCore.Mvc.Internal.ControllerActionInvoker - Executed action method WebApiTraining.Controllers.BookController.Get (WebApiTraining), returned result Microsoft.AspNetCore.Mvc.OkObjectResult in 2.0595ms.
2019-09-10 17:29:22,012 [6] INFO Microsoft.AspNetCore.Mvc.Infrastructure.ObjectResultExecutor - Executing ObjectResult, writing value of type 'System.Collections.Generic.List`1[[WebApiTraining.Model.Book, WebApiTraining, Version=1.0.0.0, Culture=neutral, PublicKeyToken=null]]'.
2019-09-10 17:29:22,060 [6] INFO Microsoft.AspNetCore.Mvc.Internal.ControllerActionInvoker - Executed action WebApiTraining.Controllers.BookController.Get (WebApiTraining) in 57.2997ms
2019-09-10 17:29:22,102 [6] INFO Microsoft.AspNetCore.Routing.EndpointMiddleware - Executed endpoint 'WebApiTraining.Controllers.BookController.Get (WebApiTraining)'
2019-09-10 17:29:22,110 [6] INFO Microsoft.AspNetCore.Hosting.Internal.WebHost - Request finished in 165.5613ms 200 application/json; charset=utf-8
2019-09-10 17:29:44,414 [1] INFO Microsoft.AspNetCore.DataProtection.KeyManagement.XmlKeyManager - User profile is available. Using 'C:\Users\agundawar\AppData\Local\ASP.NET\DataProtection-Keys' as key repository and Windows DPAPI to encrypt keys at rest.
2019-09-10 17:29:45,054 [9] INFO Microsoft.AspNetCore.Hosting.Internal.WebHost - Request starting HTTP/2.0 GET https://localhost:44362/api/book  
2019-09-10 17:29:45,110 [9] INFO Microsoft.AspNetCore.Routing.EndpointMiddleware - Executing endpoint 'WebApiTraining.Controllers.BookController.Get (WebApiTraining)'
2019-09-10 17:29:45,137 [9] INFO Microsoft.AspNetCore.Mvc.Internal.ControllerActionInvoker - Route matched with {action = "Get", controller = "Book"}. Executing controller action with signature Microsoft.AspNetCore.Mvc.ActionResult`1[System.Collections.Generic.IEnumerable`1[WebApiTraining.Model.Book]] Get() on controller WebApiTraining.Controllers.BookController (WebApiTraining).
2019-09-10 17:29:45,147 [9] INFO Microsoft.AspNetCore.Mvc.Internal.ControllerActionInvoker - Executing action method WebApiTraining.Controllers.BookController.Get (WebApiTraining) - Validation state: Valid
2019-09-10 17:29:45,151 [9] DEBUG WebApiTraining.Model.BookService - Returned book list
2019-09-10 17:29:45,159 [9] INFO Microsoft.AspNetCore.Mvc.Internal.ControllerActionInvoker - Executed action method WebApiTraining.Controllers.BookController.Get (WebApiTraining), returned result Microsoft.AspNetCore.Mvc.OkObjectResult in 6.3824ms.
2019-09-10 17:29:45,169 [9] INFO Microsoft.AspNetCore.Mvc.Infrastructure.ObjectResultExecutor - Executing ObjectResult, writing value of type 'System.Collections.Generic.List`1[[WebApiTraining.Model.Book, WebApiTraining, Version=1.0.0.0, Culture=neutral, PublicKeyToken=null]]'.
2019-09-10 17:29:45,258 [9] INFO Microsoft.AspNetCore.Mvc.Internal.ControllerActionInvoker - Executed action WebApiTraining.Controllers.BookController.Get (WebApiTraining) in 116.1179ms
2019-09-10 17:29:45,263 [9] INFO Microsoft.AspNetCore.Routing.EndpointMiddleware - Executed endpoint 'WebApiTraining.Controllers.BookController.Get (WebApiTraining)'
2019-09-10 17:29:45,277 [9] INFO Microsoft.AspNetCore.Hosting.Internal.WebHost - Request finished in 216.6014ms 200 application/json; charset=utf-8
